20:26:28:878  INFO 324028 --- [main] com.hmall.cart.CartApplication           : The following 1 profile is active: "local"
20:26:30:084  INFO 324028 --- [main] o.s.cloud.context.scope.GenericScope     : BeanFactory id=6ec988d9-df37-36c9-93be-df03556b11bf
20:26:30:789  INFO 324028 --- [main] o.s.b.w.embedded.tomcat.TomcatWebServer  : Tomcat initialized with port(s): 8082 (http)
20:26:30:802  INFO 324028 --- [main] o.apache.catalina.core.StandardService   : Starting service [Tomcat]
20:26:30:803  INFO 324028 --- [main] org.apache.catalina.core.StandardEngine  : Starting Servlet engine: [Apache Tomcat/9.0.75]
20:26:30:974  INFO 324028 --- [main] o.a.c.c.C.[Tomcat].[localhost].[/]       : Initializing Spring embedded WebApplicationContext
20:26:30:974  INFO 324028 --- [main] w.s.c.ServletWebServerApplicationContext : Root WebApplicationContext: initialization completed in 2066 ms
20:26:31:403  INFO 324028 --- [main] o.s.c.openfeign.FeignClientFactoryBean   : For 'item-service' URL not provided. Will try picking an instance via load-balancing.
20:26:32:406  INFO 324028 --- [main] c.a.c.sentinel.SentinelWebMvcConfigurer  : [Sentinel Starter] register SentinelWebInterceptor with urlPatterns: [/**].
20:26:34:239  INFO 324028 --- [main] o.s.cloud.commons.util.InetUtils         : Cannot determine local hostname
20:26:34:292  INFO 324028 --- [main] pertySourcedRequestMappingHandlerMapping : Mapped URL path [/v2/api-docs] onto method [springfox.documentation.swagger2.web.Swagger2ControllerWebMvc#getDocumentation(String, HttpServletRequest)]
20:26:36:071  INFO 324028 --- [main] o.s.cloud.commons.util.InetUtils         : Cannot determine local hostname
20:26:36:279  INFO 324028 --- [main] com.alibaba.nacos.common.remote.client   : [RpcClientFactory] create a new rpc client of 3b00d596-186b-4305-b4e6-3566b8300ad7
20:26:36:279  INFO 324028 --- [main] com.alibaba.nacos.common.remote.client   : [3b00d596-186b-4305-b4e6-3566b8300ad7] RpcClient init label, labels = {module=naming, source=sdk}
20:26:36:281  INFO 324028 --- [main] com.alibaba.nacos.common.remote.client   : [3b00d596-186b-4305-b4e6-3566b8300ad7] RpcClient init, ServerListFactory = com.alibaba.nacos.client.naming.core.ServerListManager
20:26:36:281  INFO 324028 --- [main] com.alibaba.nacos.common.remote.client   : [3b00d596-186b-4305-b4e6-3566b8300ad7] Registry connection listener to current client:com.alibaba.nacos.client.naming.remote.gprc.redo.NamingGrpcRedoService
20:26:36:282  INFO 324028 --- [main] com.alibaba.nacos.common.remote.client   : [3b00d596-186b-4305-b4e6-3566b8300ad7] Register server push request handler:com.alibaba.nacos.client.naming.remote.gprc.NamingPushRequestHandler
20:26:36:282  INFO 324028 --- [main] com.alibaba.nacos.common.remote.client   : [3b00d596-186b-4305-b4e6-3566b8300ad7] Try to connect to server on start up, server: {serverIp = '192.168.31.128', server main port = 8848}
20:26:36:405  INFO 324028 --- [main] com.alibaba.nacos.common.remote.client   : [3b00d596-186b-4305-b4e6-3566b8300ad7] Success to connect to server [192.168.31.128:8848] on start up, connectionId = 1776685658988_192.168.31.1_11878
20:26:36:405  INFO 324028 --- [main] com.alibaba.nacos.common.remote.client   : [3b00d596-186b-4305-b4e6-3566b8300ad7] Register server push request handler:com.alibaba.nacos.common.remote.client.RpcClient$ConnectResetRequestHandler
20:26:36:405  INFO 324028 --- [com.alibaba.nacos.client.remote.worker] com.alibaba.nacos.common.remote.client   : [3b00d596-186b-4305-b4e6-3566b8300ad7] Notify connected event to listeners.
20:26:36:405  INFO 324028 --- [main] com.alibaba.nacos.common.remote.client   : [3b00d596-186b-4305-b4e6-3566b8300ad7] Register server push request handler:com.alibaba.nacos.common.remote.client.RpcClient$$Lambda$472/0x0000021f3b4be780
20:26:36:504  INFO 324028 --- [main] o.s.b.w.embedded.tomcat.TomcatWebServer  : Tomcat started on port(s): 8082 (http) with context path ''
20:26:36:513  INFO 324028 --- [main] c.a.c.n.registry.NacosServiceRegistry    : nacos registry, DEFAULT_GROUP cart-service 192.168.31.1:8082 register finished
20:26:36:889  INFO 324028 --- [nacos-grpc-client-executor-6] com.alibaba.nacos.common.remote.client   : [3b00d596-186b-4305-b4e6-3566b8300ad7] Receive server push request, request = NotifySubscriberRequest, requestId = 358
20:26:36:917  INFO 324028 --- [nacos-grpc-client-executor-6] com.alibaba.nacos.common.remote.client   : [3b00d596-186b-4305-b4e6-3566b8300ad7] Ack server push request, request = NotifySubscriberRequest, requestId = 358
20:26:38:008  INFO 324028 --- [main] o.s.cloud.commons.util.InetUtils         : Cannot determine local hostname
20:26:38:009  INFO 324028 --- [main] d.s.w.p.DocumentationPluginsBootstrapper : Documentation plugins bootstrapped
20:26:38:014  INFO 324028 --- [main] d.s.w.p.DocumentationPluginsBootstrapper : Found 1 custom documentation plugin(s)
20:26:38:045  INFO 324028 --- [main] s.d.s.w.s.ApiListingReferenceScanner     : Scanning for api listing references
20:26:38:155  INFO 324028 --- [main] o.s.a.r.c.CachingConnectionFactory       : Attempting to connect to: [192.168.31.128:5672]
20:26:38:258  INFO 324028 --- [main] o.s.a.r.c.CachingConnectionFactory       : Created new connection: rabbitConnectionFactory#32675dd4:0/SimpleConnection@5fc42998 [delegate=amqp://hmall@192.168.31.128:5672//hmall, localPort= 11898]
20:26:38:352  INFO 324028 --- [main] com.hmall.cart.CartApplication           : Started CartApplication in 15.559 seconds (JVM running for 25.917)
20:26:38:368  INFO 324028 --- [main] c.a.c.n.refresh.NacosContextRefresher    : [Nacos Config] Listening config: dataId=cart-service, group=DEFAULT_GROUP
20:26:38:382  INFO 324028 --- [main] c.a.c.n.refresh.NacosContextRefresher    : [Nacos Config] Listening config: dataId=cart-service.yaml, group=DEFAULT_GROUP
20:26:38:383  INFO 324028 --- [main] c.a.c.n.refresh.NacosContextRefresher    : [Nacos Config] Listening config: dataId=cart-service-local.yaml, group=DEFAULT_GROUP
