22:39:25:157  INFO 384744 --- [main] com.hmall.gateway.GatewayApplication     : The following 1 profile is active: "dev"
22:39:25:975  INFO 384744 --- [main] o.s.cloud.context.scope.GenericScope     : BeanFactory id=9f64f947-289d-346d-8cca-93da45b188ac
22:39:26:005  INFO 384744 --- [main] trationDelegate$BeanPostProcessorChecker : Bean 'org.springframework.cloud.commons.config.CommonsConfigAutoConfiguration' of type [org.springframework.cloud.commons.config.CommonsConfigAutoConfiguration] is not eligible for getting processed by all BeanPostProcessors (for example: not eligible for auto-proxying)
22:39:26:007  INFO 384744 --- [main] trationDelegate$BeanPostProcessorChecker : Bean 'org.springframework.cloud.client.loadbalancer.LoadBalancerDefaultMappingsProviderAutoConfiguration' of type [org.springframework.cloud.client.loadbalancer.LoadBalancerDefaultMappingsProviderAutoConfiguration] is not eligible for getting processed by all BeanPostProcessors (for example: not eligible for auto-proxying)
22:39:26:008  INFO 384744 --- [main] trationDelegate$BeanPostProcessorChecker : Bean 'loadBalancerClientsDefaultsMappingsProvider' of type [org.springframework.cloud.client.loadbalancer.LoadBalancerDefaultMappingsProviderAutoConfiguration$$Lambda$574/0x0000000840521c40] is not eligible for getting processed by all BeanPostProcessors (for example: not eligible for auto-proxying)
22:39:26:008  INFO 384744 --- [main] trationDelegate$BeanPostProcessorChecker : Bean 'defaultsBindHandlerAdvisor' of type [org.springframework.cloud.commons.config.DefaultsBindHandlerAdvisor] is not eligible for getting processed by all BeanPostProcessors (for example: not eligible for auto-proxying)
22:39:26:011  INFO 384744 --- [main] trationDelegate$BeanPostProcessorChecker : Bean 'stringToNoneShardingStrategyConfigurationConverter' of type [org.apache.shardingsphere.spring.boot.converter.StringToNoneShardingStrategyConfigurationConverter] is not eligible for getting processed by all BeanPostProcessors (for example: not eligible for auto-proxying)
22:39:26:013  INFO 384744 --- [main] trationDelegate$BeanPostProcessorChecker : Bean 'spring.shardingsphere-org.apache.shardingsphere.spring.boot.prop.SpringBootPropertiesConfiguration' of type [org.apache.shardingsphere.spring.boot.prop.SpringBootPropertiesConfiguration] is not eligible for getting processed by all BeanPostProcessors (for example: not eligible for auto-proxying)
22:39:26:030  INFO 384744 --- [main] trationDelegate$BeanPostProcessorChecker : Bean 'org.apache.shardingsphere.spring.boot.ShardingSphereAutoConfiguration' of type [org.apache.shardingsphere.spring.boot.ShardingSphereAutoConfiguration$$EnhancerBySpringCGLIB$$fa3285c2] is not eligible for getting processed by all BeanPostProcessors (for example: not eligible for auto-proxying)
22:39:26:060  INFO 384744 --- [main] trationDelegate$BeanPostProcessorChecker : Bean 'org.springframework.cloud.client.loadbalancer.reactive.LoadBalancerBeanPostProcessorAutoConfiguration' of type [org.springframework.cloud.client.loadbalancer.reactive.LoadBalancerBeanPostProcessorAutoConfiguration] is not eligible for getting processed by all BeanPostProcessors (for example: not eligible for auto-proxying)
22:39:26:061  INFO 384744 --- [main] trationDelegate$BeanPostProcessorChecker : Bean 'org.springframework.cloud.client.loadbalancer.reactive.LoadBalancerBeanPostProcessorAutoConfiguration$ReactorDeferringLoadBalancerFilterConfig' of type [org.springframework.cloud.client.loadbalancer.reactive.LoadBalancerBeanPostProcessorAutoConfiguration$ReactorDeferringLoadBalancerFilterConfig] is not eligible for getting processed by all BeanPostProcessors (for example: not eligible for auto-proxying)
22:39:26:062  INFO 384744 --- [main] trationDelegate$BeanPostProcessorChecker : Bean 'reactorDeferringLoadBalancerExchangeFilterFunction' of type [org.springframework.cloud.client.loadbalancer.reactive.DeferringLoadBalancerExchangeFilterFunction] is not eligible for getting processed by all BeanPostProcessors (for example: not eligible for auto-proxying)
22:39:26:858 DEBUG 384744 --- [main] c.h.gateway.routers.DynamicRouteLoader   : 监听到路由配置信息：[
    {
        "id": "item",
        "predicates": [{
            "name": "Path",
            "args": {"_genkey_0":"/items/**"}
        }],
        "filters": [],
        "uri": "lb://item-service"
    },
    {
        "id": "search",
        "predicates": [{
            "name": "Path",
            "args": {"_genkey_0":"/search/**"}
        }],
        "filters": [],
        "uri": "lb://search-service"
    },
    {
        "id": "cart",
        "predicates": [{
            "name": "Path",
            "args": {"_genkey_0":"/carts/**"}
        }],
        "filters": [],
        "uri": "lb://cart-service"
    },
    {
        "id": "user",
        "predicates": [{
            "name": "Path",
            "args": {"_genkey_0":"/users/**", "_genkey_1":"/addresses/**"}
        }],
        "filters": [],
        "uri": "lb://user-service"
    },
    {
        "id": "trade",
        "predicates": [{
            "name": "Path",
            "args": {"_genkey_0":"/orders/**"}
        }],
        "filters": [],
        "uri": "lb://trade-service"
    },
    {
        "id": "pay",
        "predicates": [{
            "name": "Path",
            "args": {"_genkey_0":"/pay-orders/**"}
        }],
        "filters": [],
        "uri": "lb://pay-service"
    }
]
22:39:29:607  INFO 384744 --- [main] o.s.cloud.commons.util.InetUtils         : Cannot determine local hostname
22:39:32:021  INFO 384744 --- [main] o.s.cloud.commons.util.InetUtils         : Cannot determine local hostname
22:39:32:310  INFO 384744 --- [main] o.s.c.g.r.RouteDefinitionRouteLocator    : Loaded RoutePredicateFactory [After]
22:39:32:310  INFO 384744 --- [main] o.s.c.g.r.RouteDefinitionRouteLocator    : Loaded RoutePredicateFactory [Before]
22:39:32:310  INFO 384744 --- [main] o.s.c.g.r.RouteDefinitionRouteLocator    : Loaded RoutePredicateFactory [Between]
22:39:32:310  INFO 384744 --- [main] o.s.c.g.r.RouteDefinitionRouteLocator    : Loaded RoutePredicateFactory [Cookie]
22:39:32:311  INFO 384744 --- [main] o.s.c.g.r.RouteDefinitionRouteLocator    : Loaded RoutePredicateFactory [Header]
22:39:32:311  INFO 384744 --- [main] o.s.c.g.r.RouteDefinitionRouteLocator    : Loaded RoutePredicateFactory [Host]
22:39:32:311  INFO 384744 --- [main] o.s.c.g.r.RouteDefinitionRouteLocator    : Loaded RoutePredicateFactory [Method]
22:39:32:311  INFO 384744 --- [main] o.s.c.g.r.RouteDefinitionRouteLocator    : Loaded RoutePredicateFactory [Path]
22:39:32:311  INFO 384744 --- [main] o.s.c.g.r.RouteDefinitionRouteLocator    : Loaded RoutePredicateFactory [Query]
22:39:32:311  INFO 384744 --- [main] o.s.c.g.r.RouteDefinitionRouteLocator    : Loaded RoutePredicateFactory [ReadBody]
22:39:32:311  INFO 384744 --- [main] o.s.c.g.r.RouteDefinitionRouteLocator    : Loaded RoutePredicateFactory [RemoteAddr]
22:39:32:312  INFO 384744 --- [main] o.s.c.g.r.RouteDefinitionRouteLocator    : Loaded RoutePredicateFactory [XForwardedRemoteAddr]
22:39:32:312  INFO 384744 --- [main] o.s.c.g.r.RouteDefinitionRouteLocator    : Loaded RoutePredicateFactory [Weight]
22:39:32:312  INFO 384744 --- [main] o.s.c.g.r.RouteDefinitionRouteLocator    : Loaded RoutePredicateFactory [CloudFoundryRouteService]
22:39:35:011  INFO 384744 --- [main] o.s.cloud.commons.util.InetUtils         : Cannot determine local hostname
22:39:35:842  INFO 384744 --- [main] com.zaxxer.hikari.HikariDataSource       : HikariPool-1 - Starting...
22:39:35:953  INFO 384744 --- [main] com.zaxxer.hikari.HikariDataSource       : HikariPool-1 - Start completed.
22:39:36:379  INFO 384744 --- [main] com.alibaba.nacos.common.remote.client   : [RpcClientFactory] create a new rpc client of c3888549-e0cf-4293-af90-a0802759cdd5
22:39:36:380  INFO 384744 --- [main] com.alibaba.nacos.common.remote.client   : [c3888549-e0cf-4293-af90-a0802759cdd5] RpcClient init label, labels = {module=naming, source=sdk}
22:39:36:382  INFO 384744 --- [main] com.alibaba.nacos.common.remote.client   : [c3888549-e0cf-4293-af90-a0802759cdd5] RpcClient init, ServerListFactory = com.alibaba.nacos.client.naming.core.ServerListManager
22:39:36:382  INFO 384744 --- [main] com.alibaba.nacos.common.remote.client   : [c3888549-e0cf-4293-af90-a0802759cdd5] Registry connection listener to current client:com.alibaba.nacos.client.naming.remote.gprc.redo.NamingGrpcRedoService
22:39:36:382  INFO 384744 --- [main] com.alibaba.nacos.common.remote.client   : [c3888549-e0cf-4293-af90-a0802759cdd5] Register server push request handler:com.alibaba.nacos.client.naming.remote.gprc.NamingPushRequestHandler
22:39:36:383  INFO 384744 --- [main] com.alibaba.nacos.common.remote.client   : [c3888549-e0cf-4293-af90-a0802759cdd5] Try to connect to server on start up, server: {serverIp = '192.168.31.128', server main port = 8848}
22:39:36:506  INFO 384744 --- [main] com.alibaba.nacos.common.remote.client   : [c3888549-e0cf-4293-af90-a0802759cdd5] Success to connect to server [192.168.31.128:8848] on start up, connectionId = 1776933844983_192.168.31.1_8841
22:39:36:506  INFO 384744 --- [main] com.alibaba.nacos.common.remote.client   : [c3888549-e0cf-4293-af90-a0802759cdd5] Register server push request handler:com.alibaba.nacos.common.remote.client.RpcClient$ConnectResetRequestHandler
22:39:36:506  INFO 384744 --- [main] com.alibaba.nacos.common.remote.client   : [c3888549-e0cf-4293-af90-a0802759cdd5] Register server push request handler:com.alibaba.nacos.common.remote.client.RpcClient$$Lambda$520/0x00000008403d6440
22:39:36:506  INFO 384744 --- [com.alibaba.nacos.client.remote.worker] com.alibaba.nacos.common.remote.client   : [c3888549-e0cf-4293-af90-a0802759cdd5] Notify connected event to listeners.
22:39:37:053  INFO 384744 --- [nacos-grpc-client-executor-5] com.alibaba.nacos.common.remote.client   : [c3888549-e0cf-4293-af90-a0802759cdd5] Receive server push request, request = NotifySubscriberRequest, requestId = 429
22:39:37:056  INFO 384744 --- [nacos-grpc-client-executor-5] com.alibaba.nacos.common.remote.client   : [c3888549-e0cf-4293-af90-a0802759cdd5] Ack server push request, request = NotifySubscriberRequest, requestId = 429
22:39:37:501  INFO 384744 --- [main] o.s.b.web.embedded.netty.NettyWebServer  : Netty started on port 8080
22:39:39:863  INFO 384744 --- [main] o.s.cloud.commons.util.InetUtils         : Cannot determine local hostname
22:39:42:137  INFO 384744 --- [main] o.s.cloud.commons.util.InetUtils         : Cannot determine local hostname
22:39:42:150  INFO 384744 --- [main] c.a.c.n.registry.NacosServiceRegistry    : nacos registry, DEFAULT_GROUP gateway 192.168.31.1:8080 register finished
22:39:42:165  INFO 384744 --- [main] com.hmall.gateway.GatewayApplication     : Started GatewayApplication in 27.325 seconds (JVM running for 29.299)
22:39:42:169  INFO 384744 --- [main] c.a.c.n.refresh.NacosContextRefresher    : [Nacos Config] Listening config: dataId=gateway.yaml, group=DEFAULT_GROUP
22:39:42:170  INFO 384744 --- [main] c.a.c.n.refresh.NacosContextRefresher    : [Nacos Config] Listening config: dataId=gateway-dev.yaml, group=DEFAULT_GROUP
22:39:42:170  INFO 384744 --- [main] c.a.c.n.refresh.NacosContextRefresher    : [Nacos Config] Listening config: dataId=gateway, group=DEFAULT_GROUP
22:39:42:688  INFO 384744 --- [nacos-grpc-client-executor-10] com.alibaba.nacos.common.remote.client   : [c3888549-e0cf-4293-af90-a0802759cdd5] Receive server push request, request = NotifySubscriberRequest, requestId = 430
22:39:42:697  INFO 384744 --- [nacos-grpc-client-executor-10] com.alibaba.nacos.common.remote.client   : [c3888549-e0cf-4293-af90-a0802759cdd5] Ack server push request, request = NotifySubscriberRequest, requestId = 430
22:39:56:267  WARN 384744 --- [Thread-1] c.a.n.common.http.HttpClientBeanHolder   : [HttpClientBeanHolder] Start destroying common HttpClient
22:39:56:268  WARN 384744 --- [Thread-1] c.a.n.common.http.HttpClientBeanHolder   : [HttpClientBeanHolder] Destruction of the end
22:39:56:268  WARN 384744 --- [Thread-5] c.a.nacos.common.notify.NotifyCenter     : [NotifyCenter] Start destroying Publisher
22:39:56:269  WARN 384744 --- [Thread-5] c.a.nacos.common.notify.NotifyCenter     : [NotifyCenter] Destruction of the end
22:39:56:325  INFO 384744 --- [SpringApplicationShutdownHook] com.zaxxer.hikari.HikariDataSource       : HikariPool-1 - Shutdown initiated...
22:39:56:328  INFO 384744 --- [SpringApplicationShutdownHook] com.zaxxer.hikari.HikariDataSource       : HikariPool-1 - Shutdown completed.
22:39:56:329  INFO 384744 --- [SpringApplicationShutdownHook] c.a.c.n.registry.NacosServiceRegistry    : De-registering from Nacos Server now...
22:39:56:337  INFO 384744 --- [SpringApplicationShutdownHook] c.a.c.n.registry.NacosServiceRegistry    : De-registration finished.
22:39:56:674  INFO 384744 --- [SpringApplicationShutdownHook] com.alibaba.nacos.common.remote.client   : Shutdown rpc client, set status to shutdown
22:39:56:674  INFO 384744 --- [SpringApplicationShutdownHook] com.alibaba.nacos.common.remote.client   : Shutdown client event executor java.util.concurrent.ScheduledThreadPoolExecutor@5bf9bce[Running, pool size = 2, active threads = 2, queued tasks = 0, completed tasks = 0]
22:39:56:674  INFO 384744 --- [SpringApplicationShutdownHook] com.alibaba.nacos.common.remote.client   : Close current connection 1776933844983_192.168.31.1_8841
22:39:56:677  INFO 384744 --- [nacos-grpc-client-executor-16] c.a.n.c.remote.client.grpc.GrpcClient    : [1776933844983_192.168.31.1_8841]Ignore complete event,isRunning:false,isAbandon=false
22:39:56:680  INFO 384744 --- [SpringApplicationShutdownHook] c.a.n.c.remote.client.grpc.GrpcClient    : Shutdown grpc executor java.util.concurrent.ThreadPoolExecutor@7a504bb8[Running, pool size = 5, active threads = 0, queued tasks = 0, completed tasks = 17]
